#2.0#2023 10 04 12:21:29.805#Z#DEBUG#com.sap.cloud.lm.sl.xs2.65195916-62b0-11ee-907f-eeee0a96bdee.btp-procurement-data-extractor-pgdb-deployer.stageAppTask#
######org.cloudfoundry.multiapps.controller.persistence.services.ProcessLogger########flowable-async-job-executor-thread-33566###
[PollStageAppStatusExecution] [btp-procurement-data-extractor-pgdb-deployer] 5b140137-b616-44a1-a3ce-5034f7e13011 [2023-10-04T12:14:54.675250] [cds-dbm] - delta successfully deployed to the database (STDOUT, APP/TASK/deploy_to_postgresql)#

#2.0#2023 10 04 12:21:29.805#Z#DEBUG#com.sap.cloud.lm.sl.xs2.65195916-62b0-11ee-907f-eeee0a96bdee.btp-procurement-data-extractor-pgdb-deployer.stageAppTask#
######org.cloudfoundry.multiapps.controller.persistence.services.ProcessLogger########flowable-async-job-executor-thread-33566###
[PollStageAppStatusExecution] [btp-procurement-data-extractor-pgdb-deployer] 5b140137-b616-44a1-a3ce-5034f7e13011 [2023-10-04T12:15:14.673151] npm notice (STDERR, APP/TASK/deploy_to_postgresql)#

#2.0#2023 10 04 12:21:29.805#Z#DEBUG#com.sap.cloud.lm.sl.xs2.65195916-62b0-11ee-907f-eeee0a96bdee.btp-procurement-data-extractor-pgdb-deployer.stageAppTask#
######org.cloudfoundry.multiapps.controller.persistence.services.ProcessLogger########flowable-async-job-executor-thread-33566###
[PollStageAppStatusExecution] [btp-procurement-data-extractor-pgdb-deployer] 5b140137-b616-44a1-a3ce-5034f7e13011 [2023-10-04T12:15:14.673343] npm notice New major version of npm available! 9.8.0 -> 10.2.0 (STDERR, APP/TASK/deploy_to_postgresql)#

#2.0#2023 10 04 12:21:29.805#Z#DEBUG#com.sap.cloud.lm.sl.xs2.65195916-62b0-11ee-907f-eeee0a96bdee.btp-procurement-data-extractor-pgdb-deployer.stageAppTask#
######org.cloudfoundry.multiapps.controller.persistence.services.ProcessLogger########flowable-async-job-executor-thread-33566###
[PollStageAppStatusExecution] [btp-procurement-data-extractor-pgdb-deployer] 5b140137-b616-44a1-a3ce-5034f7e13011 [2023-10-04T12:15:14.673426] npm notice Changelog: <https://github.com/npm/cli/releases/tag/v10.2.0> (STDERR, APP/TASK/deploy_to_postgresql)#

#2.0#2023 10 04 12:21:29.805#Z#DEBUG#com.sap.cloud.lm.sl.xs2.65195916-62b0-11ee-907f-eeee0a96bdee.btp-procurement-data-extractor-pgdb-deployer.stageAppTask#
######org.cloudfoundry.multiapps.controller.persistence.services.ProcessLogger########flowable-async-job-executor-thread-33566###
[PollStageAppStatusExecution] [btp-procurement-data-extractor-pgdb-deployer] 5b140137-b616-44a1-a3ce-5034f7e13011 [2023-10-04T12:15:14.673435] npm notice Run `npm install -g npm@10.2.0` to update! (STDERR, APP/TASK/deploy_to_postgresql)#

#2.0#2023 10 04 12:21:29.805#Z#DEBUG#com.sap.cloud.lm.sl.xs2.65195916-62b0-11ee-907f-eeee0a96bdee.btp-procurement-data-extractor-pgdb-deployer.stageAppTask#
######org.cloudfoundry.multiapps.controller.persistence.services.ProcessLogger########flowable-async-job-executor-thread-33566###
[PollStageAppStatusExecution] [btp-procurement-data-extractor-pgdb-deployer] 5b140137-b616-44a1-a3ce-5034f7e13011 [2023-10-04T12:15:14.673499] npm notice (STDERR, APP/TASK/deploy_to_postgresql)#

#2.0#2023 10 04 12:21:29.805#Z#DEBUG#com.sap.cloud.lm.sl.xs2.65195916-62b0-11ee-907f-eeee0a96bdee.btp-procurement-data-extractor-pgdb-deployer.stageAppTask#
######org.cloudfoundry.multiapps.controller.persistence.services.ProcessLogger########flowable-async-job-executor-thread-33566###
[PollStageAppStatusExecution] [btp-procurement-data-extractor-pgdb-deployer] 5b140137-b616-44a1-a3ce-5034f7e13011 [2023-10-04T12:15:14.681175] Exit status 0 (STDOUT, APP/TASK/deploy_to_postgresql)#

#2.0#2023 10 04 12:21:29.805#Z#DEBUG#com.sap.cloud.lm.sl.xs2.65195916-62b0-11ee-907f-eeee0a96bdee.btp-procurement-data-extractor-pgdb-deployer.stageAppTask#
######org.cloudfoundry.multiapps.controller.persistence.services.ProcessLogger########flowable-async-job-executor-thread-33566###
[PollStageAppStatusExecution] [btp-procurement-data-extractor-pgdb-deployer] 5b140137-b616-44a1-a3ce-5034f7e13011 [2023-10-04T12:15:14.867118] Cell 6404854a-3648-4fe2-af55-c525651efd7e stopping instance 67fd9933-d256-490c-8e4d-7a9d64b66000 (STDOUT, CELL)#

#2.0#2023 10 04 12:21:29.805#Z#DEBUG#com.sap.cloud.lm.sl.xs2.65195916-62b0-11ee-907f-eeee0a96bdee.btp-procurement-data-extractor-pgdb-deployer.stageAppTask#
######org.cloudfoundry.multiapps.controller.persistence.services.ProcessLogger########flowable-async-job-executor-thread-33566###
[PollStageAppStatusExecution] [btp-procurement-data-extractor-pgdb-deployer] 5b140137-b616-44a1-a3ce-5034f7e13011 [2023-10-04T12:15:14.867166] Cell 6404854a-3648-4fe2-af55-c525651efd7e destroying container for instance 67fd9933-d256-490c-8e4d-7a9d64b66000 (STDOUT, CELL)#

#2.0#2023 10 04 12:21:29.805#Z#DEBUG#com.sap.cloud.lm.sl.xs2.65195916-62b0-11ee-907f-eeee0a96bdee.btp-procurement-data-extractor-pgdb-deployer.stageAppTask#
######org.cloudfoundry.multiapps.controller.persistence.services.ProcessLogger########flowable-async-job-executor-thread-33566###
[PollStageAppStatusExecution] [btp-procurement-data-extractor-pgdb-deployer] 5b140137-b616-44a1-a3ce-5034f7e13011 [2023-10-04T12:15:15.935973] Cell 6404854a-3648-4fe2-af55-c525651efd7e successfully destroyed container for instance 67fd9933-d256-490c-8e4d-7a9d64b66000 (STDOUT, CELL)#

#2.0#2023 10 04 12:21:29.805#Z#DEBUG#com.sap.cloud.lm.sl.xs2.65195916-62b0-11ee-907f-eeee0a96bdee.btp-procurement-data-extractor-pgdb-deployer.stageAppTask#
######org.cloudfoundry.multiapps.controller.persistence.services.ProcessLogger########flowable-async-job-executor-thread-33566###
[PollStageAppStatusExecution] [btp-procurement-data-extractor-pgdb-deployer] 5b140137-b616-44a1-a3ce-5034f7e13011 [2023-10-04T12:21:10.064649] Uploading app package for app with guid 5b140137-b616-44a1-a3ce-5034f7e13011 (STDOUT, API)#

#2.0#2023 10 04 12:21:29.805#Z#DEBUG#com.sap.cloud.lm.sl.xs2.65195916-62b0-11ee-907f-eeee0a96bdee.btp-procurement-data-extractor-pgdb-deployer.stageAppTask#
######org.cloudfoundry.multiapps.controller.persistence.services.ProcessLogger########flowable-async-job-executor-thread-33566###
[PollStageAppStatusExecution] [btp-procurement-data-extractor-pgdb-deployer] 5b140137-b616-44a1-a3ce-5034f7e13011 [2023-10-04T12:21:10.410884] Updated app with guid 5b140137-b616-44a1-a3ce-5034f7e13011 ({"environment_variables"=>"[PRIVATE DATA HIDDEN]"}) (STDOUT, API)#

#2.0#2023 10 04 12:21:29.805#Z#DEBUG#com.sap.cloud.lm.sl.xs2.65195916-62b0-11ee-907f-eeee0a96bdee.btp-procurement-data-extractor-pgdb-deployer.stageAppTask#
######org.cloudfoundry.multiapps.controller.persistence.services.ProcessLogger########flowable-async-job-executor-thread-33566###
[PollStageAppStatusExecution] [btp-procurement-data-extractor-pgdb-deployer] 5b140137-b616-44a1-a3ce-5034f7e13011 [2023-10-04T12:21:19.779117] Scaling process: "web" (STDOUT, API)#

#2.0#2023 10 04 12:21:29.805#Z#DEBUG#com.sap.cloud.lm.sl.xs2.65195916-62b0-11ee-907f-eeee0a96bdee.btp-procurement-data-extractor-pgdb-deployer.stageAppTask#
######org.cloudfoundry.multiapps.controller.persistence.services.ProcessLogger########flowable-async-job-executor-thread-33566###
[PollStageAppStatusExecution] [btp-procurement-data-extractor-pgdb-deployer] 5b140137-b616-44a1-a3ce-5034f7e13011 [2023-10-04T12:21:20.025954] Creating build for app with guid 5b140137-b616-44a1-a3ce-5034f7e13011 (STDOUT, API)#

#2.0#2023 10 04 12:21:29.805#Z#DEBUG#com.sap.cloud.lm.sl.xs2.65195916-62b0-11ee-907f-eeee0a96bdee.btp-procurement-data-extractor-pgdb-deployer.stageAppTask#
######org.cloudfoundry.multiapps.controller.persistence.services.ProcessLogger########flowable-async-job-executor-thread-33566###
[PollStageAppStatusExecution] [btp-procurement-data-extractor-pgdb-deployer] 5b140137-b616-44a1-a3ce-5034f7e13011 [2023-10-04T12:21:20.471115] Downloading nodejs_buildpack... (STDOUT, STG)#

#2.0#2023 10 04 12:21:29.805#Z#DEBUG#com.sap.cloud.lm.sl.xs2.65195916-62b0-11ee-907f-eeee0a96bdee.btp-procurement-data-extractor-pgdb-deployer.stageAppTask#
######org.cloudfoundry.multiapps.controller.persistence.services.ProcessLogger########flowable-async-job-executor-thread-33566###
[PollStageAppStatusExecution] [btp-procurement-data-extractor-pgdb-deployer] 5b140137-b616-44a1-a3ce-5034f7e13011 [2023-10-04T12:21:20.514840] Downloaded nodejs_buildpack (STDOUT, STG)#

#2.0#2023 10 04 12:21:29.805#Z#DEBUG#com.sap.cloud.lm.sl.xs2.65195916-62b0-11ee-907f-eeee0a96bdee.btp-procurement-data-extractor-pgdb-deployer.stageAppTask#
######org.cloudfoundry.multiapps.controller.persistence.services.ProcessLogger########flowable-async-job-executor-thread-33566###
[PollStageAppStatusExecution] [btp-procurement-data-extractor-pgdb-deployer] 5b140137-b616-44a1-a3ce-5034f7e13011 [2023-10-04T12:21:20.514937] Cell df070236-5095-42e6-b6c5-76081a88488b creating container for instance 595010c2-7f39-4d1b-9dde-d3fa3586d6d1 (STDOUT, STG)#

#2.0#2023 10 04 12:21:29.805#Z#DEBUG#com.sap.cloud.lm.sl.xs2.65195916-62b0-11ee-907f-eeee0a96bdee.btp-procurement-data-extractor-pgdb-deployer.stageAppTask#
######org.cloudfoundry.multiapps.controller.persistence.services.ProcessLogger########flowable-async-job-executor-thread-33566###
[PollStageAppStatusExecution] [btp-procurement-data-extractor-pgdb-deployer] 5b140137-b616-44a1-a3ce-5034f7e13011 [2023-10-04T12:21:20.860640] Security group rules were updated (STDOUT, STG)#

#2.0#2023 10 04 12:21:29.805#Z#DEBUG#com.sap.cloud.lm.sl.xs2.65195916-62b0-11ee-907f-eeee0a96bdee.btp-procurement-data-extractor-pgdb-deployer.stageAppTask#
######org.cloudfoundry.multiapps.controller.persistence.services.ProcessLogger########flowable-async-job-executor-thread-33566###
[PollStageAppStatusExecution] [btp-procurement-data-extractor-pgdb-deployer] 5b140137-b616-44a1-a3ce-5034f7e13011 [2023-10-04T12:21:20.873581] Cell df070236-5095-42e6-b6c5-76081a88488b successfully created container for instance 595010c2-7f39-4d1b-9dde-d3fa3586d6d1 (STDOUT, STG)#

#2.0#2023 10 04 12:21:29.805#Z#DEBUG#com.sap.cloud.lm.sl.xs2.65195916-62b0-11ee-907f-eeee0a96bdee.btp-procurement-data-extractor-pgdb-deployer.stageAppTask#
######org.cloudfoundry.multiapps.controller.persistence.services.ProcessLogger########flowable-async-job-executor-thread-33566###
[PollStageAppStatusExecution] [btp-procurement-data-extractor-pgdb-deployer] 5b140137-b616-44a1-a3ce-5034f7e13011 [2023-10-04T12:21:21.036767] Downloading app package... (STDOUT, STG)#

#2.0#2023 10 04 12:21:29.805#Z#DEBUG#com.sap.cloud.lm.sl.xs2.65195916-62b0-11ee-907f-eeee0a96bdee.btp-procurement-data-extractor-pgdb-deployer.stageAppTask#
######org.cloudfoundry.multiapps.controller.persistence.services.ProcessLogger########flowable-async-job-executor-thread-33566###
[PollStageAppStatusExecution] [btp-procurement-data-extractor-pgdb-deployer] 5b140137-b616-44a1-a3ce-5034f7e13011 [2023-10-04T12:21:21.036869] Downloading build artifacts cache... (STDOUT, STG)#

#2.0#2023 10 04 12:21:29.805#Z#DEBUG#com.sap.cloud.lm.sl.xs2.65195916-62b0-11ee-907f-eeee0a96bdee.btp-procurement-data-extractor-pgdb-deployer.stageAppTask#
######org.cloudfoundry.multiapps.controller.persistence.services.ProcessLogger########flowable-async-job-executor-thread-33566###
[PollStageAppStatusExecution] [btp-procurement-data-extractor-pgdb-deployer] 5b140137-b616-44a1-a3ce-5034f7e13011 [2023-10-04T12:21:21.090398] Downloaded app package (100.6K) (STDOUT, STG)#

#2.0#2023 10 04 12:21:39.859#Z#DEBUG#com.sap.cloud.lm.sl.xs2.65195916-62b0-11ee-907f-eeee0a96bdee.btp-procurement-data-extractor-pgdb-deployer.stageAppTask#
######org.cloudfoundry.multiapps.controller.persistence.services.ProcessLogger########flowable-async-job-executor-thread-33605###
[PollStageAppStatusExecution] [btp-procurement-data-extractor-pgdb-deployer] 5b140137-b616-44a1-a3ce-5034f7e13011 [2023-10-04T12:21:35.968151] Downloaded build artifacts cache (562.1M) (STDOUT, STG)#

#2.0#2023 10 04 12:21:50.157#Z#DEBUG#com.sap.cloud.lm.sl.xs2.65195916-62b0-11ee-907f-eeee0a96bdee.btp-procurement-data-extractor-pgdb-deployer.stageAppTask#
######org.cloudfoundry.multiapps.controller.persistence.services.ProcessLogger########flowable-async-job-executor-thread-33676###
[PollStageAppStatusExecution] [btp-procurement-data-extractor-pgdb-deployer] 5b140137-b616-44a1-a3ce-5034f7e13011 [2023-10-04T12:21:39.715532] -----> Download go 1.19 (STDOUT, STG)#

#2.0#2023 10 04 12:21:50.157#Z#DEBUG#com.sap.cloud.lm.sl.xs2.65195916-62b0-11ee-907f-eeee0a96bdee.btp-procurement-data-extractor-pgdb-deployer.stageAppTask#
######org.cloudfoundry.multiapps.controller.persistence.services.ProcessLogger########flowable-async-job-executor-thread-33676###
[PollStageAppStatusExecution] [btp-procurement-data-extractor-pgdb-deployer] 5b140137-b616-44a1-a3ce-5034f7e13011 [2023-10-04T12:21:49.782320] -----> Running go build supply (STDOUT, STG)#

#2.0#2023 10 04 12:21:50.157#Z#DEBUG#com.sap.cloud.lm.sl.xs2.65195916-62b0-11ee-907f-eeee0a96bdee.btp-procurement-data-extractor-pgdb-deployer.stageAppTask#
######org.cloudfoundry.multiapps.controller.persistence.services.ProcessLogger########flowable-async-job-executor-thread-33676###
[PollStageAppStatusExecution] [btp-procurement-data-extractor-pgdb-deployer] 5b140137-b616-44a1-a3ce-5034f7e13011 [2023-10-04T12:21:49.782334] /tmp/buildpackdownloads/0c563da8cbb082d857627dbee966072d ~ (STDOUT, STG)#

#2.0#2023 10 04 12:22:00.233#Z#DEBUG#com.sap.cloud.lm.sl.xs2.65195916-62b0-11ee-907f-eeee0a96bdee.btp-procurement-data-extractor-pgdb-deployer.stageAppTask#
######org.cloudfoundry.multiapps.controller.persistence.services.ProcessLogger########flowable-async-job-executor-thread-33728###
[PollStageAppStatusExecution] [btp-procurement-data-extractor-pgdb-deployer] 5b140137-b616-44a1-a3ce-5034f7e13011 [2023-10-04T12:21:50.823415] ~ (STDOUT, STG)#

#2.0#2023 10 04 12:22:00.233#Z#DEBUG#com.sap.cloud.lm.sl.xs2.65195916-62b0-11ee-907f-eeee0a96bdee.btp-procurement-data-extractor-pgdb-deployer.stageAppTask#
######org.cloudfoundry.multiapps.controller.persistence.services.ProcessLogger########flowable-async-job-executor-thread-33728###
[PollStageAppStatusExecution] [btp-procurement-data-extractor-pgdb-deployer] 5b140137-b616-44a1-a3ce-5034f7e13011 [2023-10-04T12:21:50.825920] -----> Apt Buildpack version 0.3.0 (STDOUT, STG)#

#2.0#2023 10 04 12:22:00.233#Z#DEBUG#com.sap.cloud.lm.sl.xs2.65195916-62b0-11ee-907f-eeee0a96bdee.btp-procurement-data-extractor-pgdb-deployer.stageAppTask#
######org.cloudfoundry.multiapps.controller.persistence.services.ProcessLogger########flowable-async-job-executor-thread-33728###
[PollStageAppStatusExecution] [btp-procurement-data-extractor-pgdb-deployer] 5b140137-b616-44a1-a3ce-5034f7e13011 [2023-10-04T12:21:50.826585] -----> Adding apt keys (STDOUT, STG)#

#2.0#2023 10 04 12:22:00.233#Z#DEBUG#com.sap.cloud.lm.sl.xs2.65195916-62b0-11ee-907f-eeee0a96bdee.btp-procurement-data-extractor-pgdb-deployer.stageAppTask#
######org.cloudfoundry.multiapps.controller.persistence.services.ProcessLogger########flowable-async-job-executor-thread-33728###
[PollStageAppStatusExecution] [btp-procurement-data-extractor-pgdb-deployer] 5b140137-b616-44a1-a3ce-5034f7e13011 [2023-10-04T12:21:50.864047] Warning: apt-key is deprecated. Manage keyring files in trusted.gpg.d instead (see apt-key(8)). (STDERR, STG)#

#2.0#2023 10 04 12:22:00.233#Z#DEBUG#com.sap.cloud.lm.sl.xs2.65195916-62b0-11ee-907f-eeee0a96bdee.btp-procurement-data-extractor-pgdb-deployer.stageAppTask#
######org.cloudfoundry.multiapps.controller.persistence.services.ProcessLogger########flowable-async-job-executor-thread-33728###
[PollStageAppStatusExecution] [btp-procurement-data-extractor-pgdb-deployer] 5b140137-b616-44a1-a3ce-5034f7e13011 [2023-10-04T12:21:51.191185] gpg: key 740AEEA2: "jenkins" not changed (STDERR, STG)#

#2.0#2023 10 04 12:22:00.233#Z#DEBUG#com.sap.cloud.lm.sl.xs2.65195916-62b0-11ee-907f-eeee0a96bdee.btp-procurement-data-extractor-pgdb-deployer.stageAppTask#
######org.cloudfoundry.multiapps.controller.persistence.services.ProcessLogger########flowable-async-job-executor-thread-33728###
[PollStageAppStatusExecution] [btp-procurement-data-extractor-pgdb-deployer] 5b140137-b616-44a1-a3ce-5034f7e13011 [2023-10-04T12:21:51.191211] gpg: Total number processed: 1 (STDERR, STG)#

#2.0#2023 10 04 12:22:00.233#Z#DEBUG#com.sap.cloud.lm.sl.xs2.65195916-62b0-11ee-907f-eeee0a96bdee.btp-procurement-data-extractor-pgdb-deployer.stageAppTask#
######org.cloudfoundry.multiapps.controller.persistence.services.ProcessLogger########flowable-async-job-executor-thread-33728###
[PollStageAppStatusExecution] [btp-procurement-data-extractor-pgdb-deployer] 5b140137-b616-44a1-a3ce-5034f7e13011 [2023-10-04T12:21:51.191636] gpg:              unchanged: 1 (STDERR, STG)#

#2.0#2023 10 04 12:22:00.233#Z#DEBUG#com.sap.cloud.lm.sl.xs2.65195916-62b0-11ee-907f-eeee0a96bdee.btp-procurement-data-extractor-pgdb-deployer.stageAppTask#
######org.cloudfoundry.multiapps.controller.persistence.services.ProcessLogger########flowable-async-job-executor-thread-33728###
[PollStageAppStatusExecution] [btp-procurement-data-extractor-pgdb-deployer] 5b140137-b616-44a1-a3ce-5034f7e13011 [2023-10-04T12:21:51.231542] Warning: apt-key is deprecated. Manage keyring files in trusted.gpg.d instead (see apt-key(8)). (STDERR, STG)#

#2.0#2023 10 04 12:22:00.233#Z#DEBUG#com.sap.cloud.lm.sl.xs2.65195916-62b0-11ee-907f-eeee0a96bdee.btp-procurement-data-extractor-pgdb-deployer.stageAppTask#
######org.cloudfoundry.multiapps.controller.persistence.services.ProcessLogger########flowable-async-job-executor-thread-33728###
[PollStageAppStatusExecution] [btp-procurement-data-extractor-pgdb-deployer] 5b140137-b616-44a1-a3ce-5034f7e13011 [2023-10-04T12:21:51.558776] gpg: key 3ABCFE23: "SapMachine (https://sapmachine.io) <sapmachine@sap.com>" not changed (STDERR, STG)#

#2.0#2023 10 04 12:22:00.233#Z#DEBUG#com.sap.cloud.lm.sl.xs2.65195916-62b0-11ee-907f-eeee0a96bdee.btp-procurement-data-extractor-pgdb-deployer.stageAppTask#
######org.cloudfoundry.multiapps.controller.persistence.services.ProcessLogger########flowable-async-job-executor-thread-33728###
[PollStageAppStatusExecution] [btp-procurement-data-extractor-pgdb-deployer] 5b140137-b616-44a1-a3ce-5034f7e13011 [2023-10-04T12:21:51.558786] gpg: Total number processed: 1 (STDERR, STG)#

#2.0#2023 10 04 12:22:00.233#Z#DEBUG#com.sap.cloud.lm.sl.xs2.65195916-62b0-11ee-907f-eeee0a96bdee.btp-procurement-data-extractor-pgdb-deployer.stageAppTask#
######org.cloudfoundry.multiapps.controller.persistence.services.ProcessLogger########flowable-async-job-executor-thread-33728###
[PollStageAppStatusExecution] [btp-procurement-data-extractor-pgdb-deployer] 5b140137-b616-44a1-a3ce-5034f7e13011 [2023-10-04T12:21:51.558788] gpg:              unchanged: 1 (STDERR, STG)#

#2.0#2023 10 04 12:22:00.233#Z#DEBUG#com.sap.cloud.lm.sl.xs2.65195916-62b0-11ee-907f-eeee0a96bdee.btp-procurement-data-extractor-pgdb-deployer.stageAppTask#
######org.cloudfoundry.multiapps.controller.persistence.services.ProcessLogger########flowable-async-job-executor-thread-33728###
[PollStageAppStatusExecution] [btp-procurement-data-extractor-pgdb-deployer] 5b140137-b616-44a1-a3ce-5034f7e13011 [2023-10-04T12:21:51.560702] -----> Adding apt repos (STDOUT, STG)#

#2.0#2023 10 04 12:22:00.233#Z#DEBUG#com.sap.cloud.lm.sl.xs2.65195916-62b0-11ee-907f-eeee0a96bdee.btp-procurement-data-extractor-pgdb-deployer.stageAppTask#
######org.cloudfoundry.multiapps.controller.persistence.services.ProcessLogger########flowable-async-job-executor-thread-33728###
[PollStageAppStatusExecution] [btp-procurement-data-extractor-pgdb-deployer] 5b140137-b616-44a1-a3ce-5034f7e13011 [2023-10-04T12:21:51.560723] -----> Updating apt cache (STDOUT, STG)#

#2.0#2023 10 04 12:22:00.233#Z#DEBUG#com.sap.cloud.lm.sl.xs2.65195916-62b0-11ee-907f-eeee0a96bdee.btp-procurement-data-extractor-pgdb-deployer.stageAppTask#
######org.cloudfoundry.multiapps.controller.persistence.services.ProcessLogger########flowable-async-job-executor-thread-33728###
[PollStageAppStatusExecution] [btp-procurement-data-extractor-pgdb-deployer] 5b140137-b616-44a1-a3ce-5034f7e13011 [2023-10-04T12:21:52.536008] -----> Downloading apt packages (STDOUT, STG)#

#2.0#2023 10 04 12:22:00.233#Z#DEBUG#com.sap.cloud.lm.sl.xs2.65195916-62b0-11ee-907f-eeee0a96bdee.btp-procurement-data-extractor-pgdb-deployer.stageAppTask#
######org.cloudfoundry.multiapps.controller.persistence.services.ProcessLogger########flowable-async-job-executor-thread-33728###
[PollStageAppStatusExecution] [btp-procurement-data-extractor-pgdb-deployer] 5b140137-b616-44a1-a3ce-5034f7e13011 [2023-10-04T12:21:53.336087] Reading package lists... (STDOUT, STG)#

#2.0#2023 10 04 12:22:00.233#Z#DEBUG#com.sap.cloud.lm.sl.xs2.65195916-62b0-11ee-907f-eeee0a96bdee.btp-procurement-data-extractor-pgdb-deployer.stageAppTask#
######org.cloudfoundry.multiapps.controller.persistence.services.ProcessLogger########flowable-async-job-executor-thread-33728###
[PollStageAppStatusExecution] [btp-procurement-data-extractor-pgdb-deployer] 5b140137-b616-44a1-a3ce-5034f7e13011 [2023-10-04T12:21:53.336109] Building dependency tree... (STDOUT, STG)#

#2.0#2023 10 04 12:22:00.233#Z#DEBUG#com.sap.cloud.lm.sl.xs2.65195916-62b0-11ee-907f-eeee0a96bdee.btp-procurement-data-extractor-pgdb-deployer.stageAppTask#
######org.cloudfoundry.multiapps.controller.persistence.services.ProcessLogger########flowable-async-job-executor-thread-33728###
[PollStageAppStatusExecution] [btp-procurement-data-extractor-pgdb-deployer] 5b140137-b616-44a1-a3ce-5034f7e13011 [2023-10-04T12:21:53.336113] The following additional packages will be installed: (STDOUT, STG)#

#2.0#2023 10 04 12:22:00.233#Z#DEBUG#com.sap.cloud.lm.sl.xs2.65195916-62b0-11ee-907f-eeee0a96bdee.btp-procurement-data-extractor-pgdb-deployer.stageAppTask#
######org.cloudfoundry.multiapps.controller.persistence.services.ProcessLogger########flowable-async-job-executor-thread-33728###
[PollStageAppStatusExecution] [btp-procurement-data-extractor-pgdb-deployer] 5b140137-b616-44a1-a3ce-5034f7e13011 [2023-10-04T12:21:53.336116] alsa-topology-conf alsa-ucm-conf libasound2 libasound2-data libnspr4 libnss3 (STDOUT, STG)#

#2.0#2023 10 04 12:22:00.233#Z#DEBUG#com.sap.cloud.lm.sl.xs2.65195916-62b0-11ee-907f-eeee0a96bdee.btp-procurement-data-extractor-pgdb-deployer.stageAppTask#
######org.cloudfoundry.multiapps.controller.persistence.services.ProcessLogger########flowable-async-job-executor-thread-33728###
[PollStageAppStatusExecution] [btp-procurement-data-extractor-pgdb-deployer] 5b140137-b616-44a1-a3ce-5034f7e13011 [2023-10-04T12:21:53.336119] libxi6 libxtst6 (STDOUT, STG)#

#2.0#2023 10 04 12:22:00.233#Z#DEBUG#com.sap.cloud.lm.sl.xs2.65195916-62b0-11ee-907f-eeee0a96bdee.btp-procurement-data-extractor-pgdb-deployer.stageAppTask#
######org.cloudfoundry.multiapps.controller.persistence.services.ProcessLogger########flowable-async-job-executor-thread-33728###
[PollStageAppStatusExecution] [btp-procurement-data-extractor-pgdb-deployer] 5b140137-b616-44a1-a3ce-5034f7e13011 [2023-10-04T12:21:53.336121] Suggested packages: (STDOUT, STG)#

#2.0#2023 10 04 12:22:00.233#Z#DEBUG#com.sap.cloud.lm.sl.xs2.65195916-62b0-11ee-907f-eeee0a96bdee.btp-procurement-data-extractor-pgdb-deployer.stageAppTask#
######org.cloudfoundry.multiapps.controller.persistence.services.ProcessLogger########flowable-async-job-executor-thread-33728###
[PollStageAppStatusExecution] [btp-procurement-data-extractor-pgdb-deployer] 5b140137-b616-44a1-a3ce-5034f7e13011 [2023-10-04T12:21:53.336127] libasound2-plugins alsa-utils (STDOUT, STG)#

#2.0#2023 10 04 12:22:00.233#Z#DEBUG#com.sap.cloud.lm.sl.xs2.65195916-62b0-11ee-907f-eeee0a96bdee.btp-procurement-data-extractor-pgdb-deployer.stageAppTask#
######org.cloudfoundry.multiapps.controller.persistence.services.ProcessLogger########flowable-async-job-executor-thread-33728###
[PollStageAppStatusExecution] [btp-procurement-data-extractor-pgdb-deployer] 5b140137-b616-44a1-a3ce-5034f7e13011 [2023-10-04T12:21:53.336129] The following NEW packages will be installed: (STDOUT, STG)#

#2.0#2023 10 04 12:22:00.233#Z#DEBUG#com.sap.cloud.lm.sl.xs2.65195916-62b0-11ee-907f-eeee0a96bdee.btp-procurement-data-extractor-pgdb-deployer.stageAppTask#
######org.cloudfoundry.multiapps.controller.persistence.services.ProcessLogger########flowable-async-job-executor-thread-33728###
[PollStageAppStatusExecution] [btp-procurement-data-extractor-pgdb-deployer] 5b140137-b616-44a1-a3ce-5034f7e13011 [2023-10-04T12:21:53.336178] alsa-topology-conf alsa-ucm-conf libasound2 libasound2-data libnspr4 libnss3 (STDOUT, STG)#

#2.0#2023 10 04 12:22:00.233#Z#DEBUG#com.sap.cloud.lm.sl.xs2.65195916-62b0-11ee-907f-eeee0a96bdee.btp-procurement-data-extractor-pgdb-deployer.stageAppTask#
######org.cloudfoundry.multiapps.controller.persistence.services.ProcessLogger########flowable-async-job-executor-thread-33728###
[PollStageAppStatusExecution] [btp-procurement-data-extractor-pgdb-deployer] 5b140137-b616-44a1-a3ce-5034f7e13011 [2023-10-04T12:21:53.336184] libxi6 libxtst6 sapmachine-11-jdk (STDOUT, STG)#

#2.0#2023 10 04 12:22:00.233#Z#DEBUG#com.sap.cloud.lm.sl.xs2.65195916-62b0-11ee-907f-eeee0a96bdee.btp-procurement-data-extractor-pgdb-deployer.stageAppTask#
######org.cloudfoundry.multiapps.controller.persistence.services.ProcessLogger########flowable-async-job-executor-thread-33728###
[PollStageAppStatusExecution] [btp-procurement-data-extractor-pgdb-deployer] 5b140137-b616-44a1-a3ce-5034f7e13011 [2023-10-04T12:21:53.336187] 0 upgraded, 9 newly installed, 0 to remove and 36 not upgraded. (STDOUT, STG)#

#2.0#2023 10 04 12:22:00.233#Z#DEBUG#com.sap.cloud.lm.sl.xs2.65195916-62b0-11ee-907f-eeee0a96bdee.btp-procurement-data-extractor-pgdb-deployer.stageAppTask#
######org.cloudfoundry.multiapps.controller.persistence.services.ProcessLogger########flowable-async-job-executor-thread-33728###
[PollStageAppStatusExecution] [btp-procurement-data-extractor-pgdb-deployer] 5b140137-b616-44a1-a3ce-5034f7e13011 [2023-10-04T12:21:53.336189] Need to get 0 B/168 MB of archives. (STDOUT, STG)#

#2.0#2023 10 04 12:22:00.233#Z#DEBUG#com.sap.cloud.lm.sl.xs2.65195916-62b0-11ee-907f-eeee0a96bdee.btp-procurement-data-extractor-pgdb-deployer.stageAppTask#
######org.cloudfoundry.multiapps.controller.persistence.services.ProcessLogger########flowable-async-job-executor-thread-33728###
[PollStageAppStatusExecution] [btp-procurement-data-extractor-pgdb-deployer] 5b140137-b616-44a1-a3ce-5034f7e13011 [2023-10-04T12:21:53.336190] After this operation, 325 MB of additional disk space will be used. (STDOUT, STG)#

#2.0#2023 10 04 12:22:00.233#Z#DEBUG#com.sap.cloud.lm.sl.xs2.65195916-62b0-11ee-907f-eeee0a96bdee.btp-procurement-data-extractor-pgdb-deployer.stageAppTask#
######org.cloudfoundry.multiapps.controller.persistence.services.ProcessLogger########flowable-async-job-executor-thread-33728###
[PollStageAppStatusExecution] [btp-procurement-data-extractor-pgdb-deployer] 5b140137-b616-44a1-a3ce-5034f7e13011 [2023-10-04T12:21:53.336192] Download complete and in download only mode (STDOUT, STG)#

#2.0#2023 10 04 12:22:00.233#Z#DEBUG#com.sap.cloud.lm.sl.xs2.65195916-62b0-11ee-907f-eeee0a96bdee.btp-procurement-data-extractor-pgdb-deployer.stageAppTask#
######org.cloudfoundry.multiapps.controller.persistence.services.ProcessLogger########flowable-async-job-executor-thread-33728###
[PollStageAppStatusExecution] [btp-procurement-data-extractor-pgdb-deployer] 5b140137-b616-44a1-a3ce-5034f7e13011 [2023-10-04T12:21:53.336194]  (STDOUT, STG)#

#2.0#2023 10 04 12:22:00.233#Z#DEBUG#com.sap.cloud.lm.sl.xs2.65195916-62b0-11ee-907f-eeee0a96bdee.btp-procurement-data-extractor-pgdb-deployer.stageAppTask#
######org.cloudfoundry.multiapps.controller.persistence.services.ProcessLogger########flowable-async-job-executor-thread-33728###
[PollStageAppStatusExecution] [btp-procurement-data-extractor-pgdb-deployer] 5b140137-b616-44a1-a3ce-5034f7e13011 [2023-10-04T12:21:53.336197] -----> Installing apt packages (STDOUT, STG)#

#2.0#2023 10 04 12:22:00.233#Z#DEBUG#com.sap.cloud.lm.sl.xs2.65195916-62b0-11ee-907f-eeee0a96bdee.btp-procurement-data-extractor-pgdb-deployer.stageAppTask#
######org.cloudfoundry.multiapps.controller.persistence.services.ProcessLogger########flowable-async-job-executor-thread-33728###
[PollStageAppStatusExecution] [btp-procurement-data-extractor-pgdb-deployer] 5b140137-b616-44a1-a3ce-5034f7e13011 [2023-10-04T12:21:53.341136]  (STDOUT, STG)#

#2.0#2023 10 04 12:22:00.233#Z#DEBUG#com.sap.cloud.lm.sl.xs2.65195916-62b0-11ee-907f-eeee0a96bdee.btp-procurement-data-extractor-pgdb-deployer.stageAppTask#
######org.cloudfoundry.multiapps.controller.persistence.services.ProcessLogger########flowable-async-job-executor-thread-33728###
[PollStageAppStatusExecution] [btp-procurement-data-extractor-pgdb-deployer] 5b140137-b616-44a1-a3ce-5034f7e13011 [2023-10-04T12:21:53.364188]  (STDOUT, STG)#

#2.0#2023 10 04 12:22:00.233#Z#DEBUG#com.sap.cloud.lm.sl.xs2.65195916-62b0-11ee-907f-eeee0a96bdee.btp-procurement-data-extractor-pgdb-deployer.stageAppTask#
######org.cloudfoundry.multiapps.controller.persistence.services.ProcessLogger########flowable-async-job-executor-thread-33728###
[PollStageAppStatusExecution] [btp-procurement-data-extractor-pgdb-deployer] 5b140137-b616-44a1-a3ce-5034f7e13011 [2023-10-04T12:21:53.389577]  (STDOUT, STG)#

#2.0#2023 10 04 12:22:00.233#Z#DEBUG#com.sap.cloud.lm.sl.xs2.65195916-62b0-11ee-907f-eeee0a96bdee.btp-procurement-data-extractor-pgdb-deployer.stageAppTask#
######org.cloudfoundry.multiapps.controller.persistence.services.ProcessLogger########flowable-async-job-executor-thread-33728###
[PollStageAppStatusExecution] [btp-procurement-data-extractor-pgdb-deployer] 5b140137-b616-44a1-a3ce-5034f7e13011 [2023-10-04T12:21:53.413838]  (STDOUT, STG)#

#2.0#2023 10 04 12:22:00.233#Z#DEBUG#com.sap.cloud.lm.sl.xs2.65195916-62b0-11ee-907f-eeee0a96bdee.btp-procurement-data-extractor-pgdb-deployer.stageAppTask#
######org.cloudfoundry.multiapps.controller.persistence.services.ProcessLogger########flowable-async-job-executor-thread-33728###
[PollStageAppStatusExecution] [btp-procurement-data-extractor-pgdb-deployer] 5b140137-b616-44a1-a3ce-5034f7e13011 [2023-10-04T12:21:53.421176]  (STDOUT, STG)#

#2.0#2023 10 04 12:22:00.233#Z#DEBUG#com.sap.cloud.lm.sl.xs2.65195916-62b0-11ee-907f-eeee0a96bdee.btp-procurement-data-extractor-pgdb-deployer.stageAppTask#
######org.cloudfoundry.multiapps.controller.persistence.services.ProcessLogger########flowable-async-job-executor-thread-33728###
[PollStageAppStatusExecution] [btp-procurement-data-extractor-pgdb-deployer] 5b140137-b616-44a1-a3ce-5034f7e13011 [2023-10-04T12:21:53.427676]  (STDOUT, STG)#

#2.0#2023 10 04 12:22:00.233#Z#DEBUG#com.sap.cloud.lm.sl.xs2.65195916-62b0-11ee-907f-eeee0a96bdee.btp-procurement-data-extractor-pgdb-deployer.stageAppTask#
######org.cloudfoundry.multiapps.controller.persistence.services.ProcessLogger########flowable-async-job-executor-thread-33728###
[PollStageAppStatusExecution] [btp-procurement-data-extractor-pgdb-deployer] 5b140137-b616-44a1-a3ce-5034f7e13011 [2023-10-04T12:21:53.432565]  (STDOUT, STG)#

#2.0#2023 10 04 12:22:00.233#Z#DEBUG#com.sap.cloud.lm.sl.xs2.65195916-62b0-11ee-907f-eeee0a96bdee.btp-procurement-data-extractor-pgdb-deployer.stageAppTask#
######org.cloudfoundry.multiapps.controller.persistence.services.ProcessLogger########flowable-async-job-executor-thread-33728###
[PollStageAppStatusExecution] [btp-procurement-data-extractor-pgdb-deployer] 5b140137-b616-44a1-a3ce-5034f7e13011 [2023-10-04T12:21:53.509744]  (STDOUT, STG)#

#2.0#2023 10 04 12:22:00.233#Z#DEBUG#com.sap.cloud.lm.sl.xs2.65195916-62b0-11ee-907f-eeee0a96bdee.btp-procurement-data-extractor-pgdb-deployer.stageAppTask#
######org.cloudfoundry.multiapps.controller.persistence.services.ProcessLogger########flowable-async-job-executor-thread-33728###
[PollStageAppStatusExecution] [btp-procurement-data-extractor-pgdb-deployer] 5b140137-b616-44a1-a3ce-5034f7e13011 [2023-10-04T12:21:53.513754]  (STDOUT, STG)#

#2.0#2023 10 04 12:22:00.233#Z#DEBUG#com.sap.cloud.lm.sl.xs2.65195916-62b0-11ee-907f-eeee0a96bdee.btp-procurement-data-extractor-pgdb-deployer.stageAppTask#
######org.cloudfoundry.multiapps.controller.persistence.services.ProcessLogger########flowable-async-job-executor-thread-33728###
[PollStageAppStatusExecution] [btp-procurement-data-extractor-pgdb-deployer] 5b140137-b616-44a1-a3ce-5034f7e13011 [2023-10-04T12:21:53.518029]  (STDOUT, STG)#

#2.0#2023 10 04 12:22:10.307#Z#DEBUG#com.sap.cloud.lm.sl.xs2.65195916-62b0-11ee-907f-eeee0a96bdee.btp-procurement-data-extractor-pgdb-deployer.stageAppTask#
######org.cloudfoundry.multiapps.controller.persistence.services.ProcessLogger########flowable-async-job-executor-thread-27214###
[PollStageAppStatusExecution] [btp-procurement-data-extractor-pgdb-deployer] 5b140137-b616-44a1-a3ce-5034f7e13011 [2023-10-04T12:22:01.958143]  (STDOUT, STG)#

#2.0#2023 10 04 12:22:20.445#Z#DEBUG#com.sap.cloud.lm.sl.xs2.65195916-62b0-11ee-907f-eeee0a96bdee.btp-procurement-data-extractor-pgdb-deployer.stageAppTask#
######org.cloudfoundry.multiapps.controller.persistence.services.ProcessLogger########flowable-async-job-executor-thread-27235###
[PollStageAppStatusExecution] [btp-procurement-data-extractor-pgdb-deployer] 5b140137-b616-44a1-a3ce-5034f7e13011 [2023-10-04T12:22:10.484025]  (STDOUT, STG)#

#2.0#2023 10 04 12:22:20.445#Z#DEBUG#com.sap.cloud.lm.sl.xs2.65195916-62b0-11ee-907f-eeee0a96bdee.btp-procurement-data-extractor-pgdb-deployer.stageAppTask#
######org.cloudfoundry.multiapps.controller.persistence.services.ProcessLogger########flowable-async-job-executor-thread-27235###
[PollStageAppStatusExecution] [btp-procurement-data-extractor-pgdb-deployer] 5b140137-b616-44a1-a3ce-5034f7e13011 [2023-10-04T12:22:18.863426]  (STDOUT, STG)#

#2.0#2023 10 04 12:22:20.445#Z#DEBUG#com.sap.cloud.lm.sl.xs2.65195916-62b0-11ee-907f-eeee0a96bdee.btp-procurement-data-extractor-pgdb-deployer.stageAppTask#
######org.cloudfoundry.multiapps.controller.persistence.services.ProcessLogger########flowable-async-job-executor-thread-27235###
[PollStageAppStatusExecution] [btp-procurement-data-extractor-pgdb-deployer] 5b140137-b616-44a1-a3ce-5034f7e13011 [2023-10-04T12:22:18.867720] -----> Nodejs Buildpack version 1.8.13 (STDOUT, STG)#

#2.0#2023 10 04 12:22:20.445#Z#DEBUG#com.sap.cloud.lm.sl.xs2.65195916-62b0-11ee-907f-eeee0a96bdee.btp-procurement-data-extractor-pgdb-deployer.stageAppTask#
######org.cloudfoundry.multiapps.controller.persistence.services.ProcessLogger########flowable-async-job-executor-thread-27235###
[PollStageAppStatusExecution] [btp-procurement-data-extractor-pgdb-deployer] 5b140137-b616-44a1-a3ce-5034f7e13011 [2023-10-04T12:22:18.870985] -----> Bootstrapping python (STDOUT, STG)#

#2.0#2023 10 04 12:22:20.445#Z#DEBUG#com.sap.cloud.lm.sl.xs2.65195916-62b0-11ee-907f-eeee0a96bdee.btp-procurement-data-extractor-pgdb-deployer.stageAppTask#
######org.cloudfoundry.multiapps.controller.persistence.services.ProcessLogger########flowable-async-job-executor-thread-27235###
[PollStageAppStatusExecution] [btp-procurement-data-extractor-pgdb-deployer] 5b140137-b616-44a1-a3ce-5034f7e13011 [2023-10-04T12:22:18.870996] -----> Installing python 3.10.12 (STDOUT, STG)#

#2.0#2023 10 04 12:22:20.445#Z#DEBUG#com.sap.cloud.lm.sl.xs2.65195916-62b0-11ee-907f-eeee0a96bdee.btp-procurement-data-extractor-pgdb-deployer.stageAppTask#
######org.cloudfoundry.multiapps.controller.persistence.services.ProcessLogger########flowable-async-job-executor-thread-27235###
[PollStageAppStatusExecution] [btp-procurement-data-extractor-pgdb-deployer] 5b140137-b616-44a1-a3ce-5034f7e13011 [2023-10-04T12:22:18.871010] Copy [/tmp/buildpacks/9c443de547c3ce353d1e326e3149a9f7/dependencies/7f9efd1e57d1b3c61112ca264050c7e6/python_3.10.12_linux_x64_cflinuxfs4_94744ec2.tgz] (STDOUT, STG)#

#2.0#2023 10 04 12:22:30.446#Z#DEBUG#com.sap.cloud.lm.sl.xs2.65195916-62b0-11ee-907f-eeee0a96bdee.btp-procurement-data-extractor-pgdb-deployer.stageAppTask#
######org.cloudfoundry.multiapps.controller.persistence.services.ProcessLogger########flowable-async-job-executor-thread-33797###
[PollStageAppStatusExecution] [btp-procurement-data-extractor-pgdb-deployer] 5b140137-b616-44a1-a3ce-5034f7e13011 [2023-10-04T12:22:20.895462] -----> Installing binaries (STDOUT, STG)#

#2.0#2023 10 04 12:22:30.446#Z#DEBUG#com.sap.cloud.lm.sl.xs2.65195916-62b0-11ee-907f-eeee0a96bdee.btp-procurement-data-extractor-pgdb-deployer.stageAppTask#
######org.cloudfoundry.multiapps.controller.persistence.services.ProcessLogger########flowable-async-job-executor-thread-33797###
[PollStageAppStatusExecution] [btp-procurement-data-extractor-pgdb-deployer] 5b140137-b616-44a1-a3ce-5034f7e13011 [2023-10-04T12:22:20.895513] engines.node (package.json): >=12 (STDOUT, STG)#

#2.0#2023 10 04 12:22:30.446#Z#DEBUG#com.sap.cloud.lm.sl.xs2.65195916-62b0-11ee-907f-eeee0a96bdee.btp-procurement-data-extractor-pgdb-deployer.stageAppTask#
######org.cloudfoundry.multiapps.controller.persistence.services.ProcessLogger########flowable-async-job-executor-thread-33797###
[PollStageAppStatusExecution] [btp-procurement-data-extractor-pgdb-deployer] 5b140137-b616-44a1-a3ce-5034f7e13011 [2023-10-04T12:22:20.895521] engines.npm (package.json): unspecified (use default) (STDOUT, STG)#

#2.0#2023 10 04 12:22:30.446#Z#DEBUG#com.sap.cloud.lm.sl.xs2.65195916-62b0-11ee-907f-eeee0a96bdee.btp-procurement-data-extractor-pgdb-deployer.stageAppTask#
######org.cloudfoundry.multiapps.controller.persistence.services.ProcessLogger########flowable-async-job-executor-thread-33797###
[PollStageAppStatusExecution] [btp-procurement-data-extractor-pgdb-deployer] 5b140137-b616-44a1-a3ce-5034f7e13011 [2023-10-04T12:22:20.895526] [31;1m**WARNING**[0m Dangerous semver range (>) in engines.node. See: http://docs.cloudfoundry.org/buildpacks/node/node-tips.html (STDOUT, STG)#

#2.0#2023 10 04 12:22:30.446#Z#DEBUG#com.sap.cloud.lm.sl.xs2.65195916-62b0-11ee-907f-eeee0a96bdee.btp-procurement-data-extractor-pgdb-deployer.stageAppTask#
######org.cloudfoundry.multiapps.controller.persistence.services.ProcessLogger########flowable-async-job-executor-thread-33797###
[PollStageAppStatusExecution] [btp-procurement-data-extractor-pgdb-deployer] 5b140137-b616-44a1-a3ce-5034f7e13011 [2023-10-04T12:22:20.895577] -----> Installing node 20.5.0 (STDOUT, STG)#

#2.0#2023 10 04 12:22:30.446#Z#DEBUG#com.sap.cloud.lm.sl.xs2.65195916-62b0-11ee-907f-eeee0a96bdee.btp-procurement-data-extractor-pgdb-deployer.stageAppTask#
######org.cloudfoundry.multiapps.controller.persistence.services.ProcessLogger########flowable-async-job-executor-thread-33797###
[PollStageAppStatusExecution] [btp-procurement-data-extractor-pgdb-deployer] 5b140137-b616-44a1-a3ce-5034f7e13011 [2023-10-04T12:22:20.895631] Copy [/tmp/buildpacks/9c443de547c3ce353d1e326e3149a9f7/dependencies/c5890bcd4cf74cba225f8c35f547090a/node_20.5.0_linux_x64_cflinuxfs4_d0a183cd.tgz] (STDOUT, STG)#

#2.0#2023 10 04 12:22:30.446#Z#DEBUG#com.sap.cloud.lm.sl.xs2.65195916-62b0-11ee-907f-eeee0a96bdee.btp-procurement-data-extractor-pgdb-deployer.stageAppTask#
######org.cloudfoundry.multiapps.controller.persistence.services.ProcessLogger########flowable-async-job-executor-thread-33797###
[PollStageAppStatusExecution] [btp-procurement-data-extractor-pgdb-deployer] 5b140137-b616-44a1-a3ce-5034f7e13011 [2023-10-04T12:22:22.453217] Using default npm version: 9.8.0 (STDOUT, STG)#

#2.0#2023 10 04 12:22:30.446#Z#DEBUG#com.sap.cloud.lm.sl.xs2.65195916-62b0-11ee-907f-eeee0a96bdee.btp-procurement-data-extractor-pgdb-deployer.stageAppTask#
######org.cloudfoundry.multiapps.controller.persistence.services.ProcessLogger########flowable-async-job-executor-thread-33797###
[PollStageAppStatusExecution] [btp-procurement-data-extractor-pgdb-deployer] 5b140137-b616-44a1-a3ce-5034f7e13011 [2023-10-04T12:22:22.453238] -----> Installing yarn 1.22.19 (STDOUT, STG)#

#2.0#2023 10 04 12:22:30.446#Z#DEBUG#com.sap.cloud.lm.sl.xs2.65195916-62b0-11ee-907f-eeee0a96bdee.btp-procurement-data-extractor-pgdb-deployer.stageAppTask#
######org.cloudfoundry.multiapps.controller.persistence.services.ProcessLogger########flowable-async-job-executor-thread-33797###
[PollStageAppStatusExecution] [btp-procurement-data-extractor-pgdb-deployer] 5b140137-b616-44a1-a3ce-5034f7e13011 [2023-10-04T12:22:22.453319] Copy [/tmp/buildpacks/9c443de547c3ce353d1e326e3149a9f7/dependencies/0f06052381cbcef1593bd279ca3d9458/yarn_1.22.19_linux_noarch_any-stack_32d0e82e.tgz] (STDOUT, STG)#

#2.0#2023 10 04 12:22:30.446#Z#DEBUG#com.sap.cloud.lm.sl.xs2.65195916-62b0-11ee-907f-eeee0a96bdee.btp-procurement-data-extractor-pgdb-deployer.stageAppTask#
######org.cloudfoundry.multiapps.controller.persistence.services.ProcessLogger########flowable-async-job-executor-thread-33797###
[PollStageAppStatusExecution] [btp-procurement-data-extractor-pgdb-deployer] 5b140137-b616-44a1-a3ce-5034f7e13011 [2023-10-04T12:22:22.679759] Installed yarn 1.22.19 (STDOUT, STG)#

#2.0#2023 10 04 12:22:30.446#Z#DEBUG#com.sap.cloud.lm.sl.xs2.65195916-62b0-11ee-907f-eeee0a96bdee.btp-procurement-data-extractor-pgdb-deployer.stageAppTask#
######org.cloudfoundry.multiapps.controller.persistence.services.ProcessLogger########flowable-async-job-executor-thread-33797###
[PollStageAppStatusExecution] [btp-procurement-data-extractor-pgdb-deployer] 5b140137-b616-44a1-a3ce-5034f7e13011 [2023-10-04T12:22:22.679773] -----> Creating runtime environment (STDOUT, STG)#

#2.0#2023 10 04 12:22:30.446#Z#DEBUG#com.sap.cloud.lm.sl.xs2.65195916-62b0-11ee-907f-eeee0a96bdee.btp-procurement-data-extractor-pgdb-deployer.stageAppTask#
######org.cloudfoundry.multiapps.controller.persistence.services.ProcessLogger########flowable-async-job-executor-thread-33797###
[PollStageAppStatusExecution] [btp-procurement-data-extractor-pgdb-deployer] 5b140137-b616-44a1-a3ce-5034f7e13011 [2023-10-04T12:22:22.680881] [34;1mPRO TIP:[0m It is recommended to vendor the application's Node.js dependencies (STDOUT, STG)#

#2.0#2023 10 04 12:22:30.446#Z#DEBUG#com.sap.cloud.lm.sl.xs2.65195916-62b0-11ee-907f-eeee0a96bdee.btp-procurement-data-extractor-pgdb-deployer.stageAppTask#
######org.cloudfoundry.multiapps.controller.persistence.services.ProcessLogger########flowable-async-job-executor-thread-33797###
[PollStageAppStatusExecution] [btp-procurement-data-extractor-pgdb-deployer] 5b140137-b616-44a1-a3ce-5034f7e13011 [2023-10-04T12:22:22.680892] Visit http://docs.cloudfoundry.org/buildpacks/node/index.html#vendoring (STDOUT, STG)#

#2.0#2023 10 04 12:22:30.446#Z#DEBUG#com.sap.cloud.lm.sl.xs2.65195916-62b0-11ee-907f-eeee0a96bdee.btp-procurement-data-extractor-pgdb-deployer.stageAppTask#
######org.cloudfoundry.multiapps.controller.persistence.services.ProcessLogger########flowable-async-job-executor-thread-33797###
[PollStageAppStatusExecution] [btp-procurement-data-extractor-pgdb-deployer] 5b140137-b616-44a1-a3ce-5034f7e13011 [2023-10-04T12:22:22.680972] NODE_ENV=production (STDOUT, STG)#

#2.0#2023 10 04 12:22:30.446#Z#DEBUG#com.sap.cloud.lm.sl.xs2.65195916-62b0-11ee-907f-eeee0a96bdee.btp-procurement-data-extractor-pgdb-deployer.stageAppTask#
######org.cloudfoundry.multiapps.controller.persistence.services.ProcessLogger########flowable-async-job-executor-thread-33797###
[PollStageAppStatusExecution] [btp-procurement-data-extractor-pgdb-deployer] 5b140137-b616-44a1-a3ce-5034f7e13011 [2023-10-04T12:22:22.680981] NODE_HOME=/tmp/contents663094364/deps/1/node (STDOUT, STG)#

#2.0#2023 10 04 12:22:30.446#Z#DEBUG#com.sap.cloud.lm.sl.xs2.65195916-62b0-11ee-907f-eeee0a96bdee.btp-procurement-data-extractor-pgdb-deployer.stageAppTask#
######org.cloudfoundry.multiapps.controller.persistence.services.ProcessLogger########flowable-async-job-executor-thread-33797###
[PollStageAppStatusExecution] [btp-procurement-data-extractor-pgdb-deployer] 5b140137-b616-44a1-a3ce-5034f7e13011 [2023-10-04T12:22:22.680983] NODE_MODULES_CACHE=true (STDOUT, STG)#

#2.0#2023 10 04 12:22:30.446#Z#DEBUG#com.sap.cloud.lm.sl.xs2.65195916-62b0-11ee-907f-eeee0a96bdee.btp-procurement-data-extractor-pgdb-deployer.stageAppTask#
######org.cloudfoundry.multiapps.controller.persistence.services.ProcessLogger########flowable-async-job-executor-thread-33797###
[PollStageAppStatusExecution] [btp-procurement-data-extractor-pgdb-deployer] 5b140137-b616-44a1-a3ce-5034f7e13011 [2023-10-04T12:22:22.680987] NODE_VERBOSE=false (STDOUT, STG)#

#2.0#2023 10 04 12:22:30.446#Z#DEBUG#com.sap.cloud.lm.sl.xs2.65195916-62b0-11ee-907f-eeee0a96bdee.btp-procurement-data-extractor-pgdb-deployer.stageAppTask#
######org.cloudfoundry.multiapps.controller.persistence.services.ProcessLogger########flowable-async-job-executor-thread-33797###
[PollStageAppStatusExecution] [btp-procurement-data-extractor-pgdb-deployer] 5b140137-b616-44a1-a3ce-5034f7e13011 [2023-10-04T12:22:22.680989] NPM_CONFIG_LOGLEVEL=error (STDOUT, STG)#

#2.0#2023 10 04 12:22:30.446#Z#DEBUG#com.sap.cloud.lm.sl.xs2.65195916-62b0-11ee-907f-eeee0a96bdee.btp-procurement-data-extractor-pgdb-deployer.stageAppTask#
######org.cloudfoundry.multiapps.controller.persistence.services.ProcessLogger########flowable-async-job-executor-thread-33797###
[PollStageAppStatusExecution] [btp-procurement-data-extractor-pgdb-deployer] 5b140137-b616-44a1-a3ce-5034f7e13011 [2023-10-04T12:22:22.680991] NPM_CONFIG_PRODUCTION=true (STDOUT, STG)#

#2.0#2023 10 04 12:22:30.446#Z#DEBUG#com.sap.cloud.lm.sl.xs2.65195916-62b0-11ee-907f-eeee0a96bdee.btp-procurement-data-extractor-pgdb-deployer.stageAppTask#
######org.cloudfoundry.multiapps.controller.persistence.services.ProcessLogger########flowable-async-job-executor-thread-33797###
[PollStageAppStatusExecution] [btp-procurement-data-extractor-pgdb-deployer] 5b140137-b616-44a1-a3ce-5034f7e13011 [2023-10-04T12:22:22.680992] -----> Building dependencies (STDOUT, STG)#

#2.0#2023 10 04 12:22:30.446#Z#DEBUG#com.sap.cloud.lm.sl.xs2.65195916-62b0-11ee-907f-eeee0a96bdee.btp-procurement-data-extractor-pgdb-deployer.stageAppTask#
######org.cloudfoundry.multiapps.controller.persistence.services.ProcessLogger########flowable-async-job-executor-thread-33797###
[PollStageAppStatusExecution] [btp-procurement-data-extractor-pgdb-deployer] 5b140137-b616-44a1-a3ce-5034f7e13011 [2023-10-04T12:22:22.680993] Installing node modules (package.json) (STDOUT, STG)#

#2.0#2023 10 04 12:22:30.446#Z#DEBUG#com.sap.cloud.lm.sl.xs2.65195916-62b0-11ee-907f-eeee0a96bdee.btp-procurement-data-extractor-pgdb-deployer.stageAppTask#
######org.cloudfoundry.multiapps.controller.persistence.services.ProcessLogger########flowable-async-job-executor-thread-33797###
[PollStageAppStatusExecution] [btp-procurement-data-extractor-pgdb-deployer] 5b140137-b616-44a1-a3ce-5034f7e13011 [2023-10-04T12:22:27.709517] added 74 packages, and audited 75 packages in 5s (STDOUT, STG)#

#2.0#2023 10 04 12:22:30.446#Z#DEBUG#com.sap.cloud.lm.sl.xs2.65195916-62b0-11ee-907f-eeee0a96bdee.btp-procurement-data-extractor-pgdb-deployer.stageAppTask#
######org.cloudfoundry.multiapps.controller.persistence.services.ProcessLogger########flowable-async-job-executor-thread-33797###
[PollStageAppStatusExecution] [btp-procurement-data-extractor-pgdb-deployer] 5b140137-b616-44a1-a3ce-5034f7e13011 [2023-10-04T12:22:27.709623] 6 packages are looking for funding (STDOUT, STG)#

#2.0#2023 10 04 12:22:30.446#Z#DEBUG#com.sap.cloud.lm.sl.xs2.65195916-62b0-11ee-907f-eeee0a96bdee.btp-procurement-data-extractor-pgdb-deployer.stageAppTask#
######org.cloudfoundry.multiapps.controller.persistence.services.ProcessLogger########flowable-async-job-executor-thread-33797###
[PollStageAppStatusExecution] [btp-procurement-data-extractor-pgdb-deployer] 5b140137-b616-44a1-a3ce-5034f7e13011 [2023-10-04T12:22:27.709634] run `npm fund` for details (STDOUT, STG)#

#2.0#2023 10 04 12:22:30.446#Z#DEBUG#com.sap.cloud.lm.sl.xs2.65195916-62b0-11ee-907f-eeee0a96bdee.btp-procurement-data-extractor-pgdb-deployer.stageAppTask#
######org.cloudfoundry.multiapps.controller.persistence.services.ProcessLogger########flowable-async-job-executor-thread-33797###
[PollStageAppStatusExecution] [btp-procurement-data-extractor-pgdb-deployer] 5b140137-b616-44a1-a3ce-5034f7e13011 [2023-10-04T12:22:27.710646] found 0 vulnerabilities (STDOUT, STG)#

#2.0#2023 10 04 12:22:40.459#Z#DEBUG#com.sap.cloud.lm.sl.xs2.65195916-62b0-11ee-907f-eeee0a96bdee.btp-procurement-data-extractor-pgdb-deployer.stageAppTask#
######org.cloudfoundry.multiapps.controller.persistence.services.ProcessLogger########flowable-async-job-executor-thread-33854###
[PollStageAppStatusExecution] [btp-procurement-data-extractor-pgdb-deployer] 5b140137-b616-44a1-a3ce-5034f7e13011 [2023-10-04T12:22:32.225991] [31;1m**WARNING**[0m Unmet dependencies don't fail npm install but may cause runtime issues (STDOUT, STG)#

#2.0#2023 10 04 12:22:40.459#Z#DEBUG#com.sap.cloud.lm.sl.xs2.65195916-62b0-11ee-907f-eeee0a96bdee.btp-procurement-data-extractor-pgdb-deployer.stageAppTask#
######org.cloudfoundry.multiapps.controller.persistence.services.ProcessLogger########flowable-async-job-executor-thread-33854###
[PollStageAppStatusExecution] [btp-procurement-data-extractor-pgdb-deployer] 5b140137-b616-44a1-a3ce-5034f7e13011 [2023-10-04T12:22:32.226006] See: https://github.com/npm/npm/issues/7494 (STDOUT, STG)#

#2.0#2023 10 04 12:22:40.459#Z#DEBUG#com.sap.cloud.lm.sl.xs2.65195916-62b0-11ee-907f-eeee0a96bdee.btp-procurement-data-extractor-pgdb-deployer.stageAppTask#
######org.cloudfoundry.multiapps.controller.persistence.services.ProcessLogger########flowable-async-job-executor-thread-33854###
[PollStageAppStatusExecution] [btp-procurement-data-extractor-pgdb-deployer] 5b140137-b616-44a1-a3ce-5034f7e13011 [2023-10-04T12:22:32.241639] Contrast Security no credentials found. Will not write environment files. (STDOUT, STG)#

#2.0#2023 10 04 12:22:40.459#Z#DEBUG#com.sap.cloud.lm.sl.xs2.65195916-62b0-11ee-907f-eeee0a96bdee.btp-procurement-data-extractor-pgdb-deployer.stageAppTask#
######org.cloudfoundry.multiapps.controller.persistence.services.ProcessLogger########flowable-async-job-executor-thread-33854###
[PollStageAppStatusExecution] [btp-procurement-data-extractor-pgdb-deployer] 5b140137-b616-44a1-a3ce-5034f7e13011 [2023-10-04T12:22:32.241691] inside Sealights hook (STDOUT, STG)#

#2.0#2023 10 04 12:22:40.459#Z#DEBUG#com.sap.cloud.lm.sl.xs2.65195916-62b0-11ee-907f-eeee0a96bdee.btp-procurement-data-extractor-pgdb-deployer.stageAppTask#
######org.cloudfoundry.multiapps.controller.persistence.services.ProcessLogger########flowable-async-job-executor-thread-33854###
[PollStageAppStatusExecution] [btp-procurement-data-extractor-pgdb-deployer] 5b140137-b616-44a1-a3ce-5034f7e13011 [2023-10-04T12:22:32.241762] service is not configured to run with Sealights (STDOUT, STG)#

#2.0#2023 10 04 12:23:11.365#Z#DEBUG#com.sap.cloud.lm.sl.xs2.65195916-62b0-11ee-907f-eeee0a96bdee.btp-procurement-data-extractor-pgdb-deployer.stageAppTask#
######org.cloudfoundry.multiapps.controller.persistence.services.ProcessLogger########flowable-async-job-executor-thread-16519###
[PollStageAppStatusExecution] [btp-procurement-data-extractor-pgdb-deployer] 5b140137-b616-44a1-a3ce-5034f7e13011 [2023-10-04T12:23:08.939060] Exit status 0 (STDOUT, STG)#

#2.0#2023 10 04 12:23:11.365#Z#DEBUG#com.sap.cloud.lm.sl.xs2.65195916-62b0-11ee-907f-eeee0a96bdee.btp-procurement-data-extractor-pgdb-deployer.stageAppTask#
######org.cloudfoundry.multiapps.controller.persistence.services.ProcessLogger########flowable-async-job-executor-thread-16519###
[PollStageAppStatusExecution] [btp-procurement-data-extractor-pgdb-deployer] 5b140137-b616-44a1-a3ce-5034f7e13011 [2023-10-04T12:23:08.939103] Uploading droplet, build artifacts cache... (STDOUT, STG)#

#2.0#2023 10 04 12:23:11.365#Z#DEBUG#com.sap.cloud.lm.sl.xs2.65195916-62b0-11ee-907f-eeee0a96bdee.btp-procurement-data-extractor-pgdb-deployer.stageAppTask#
######org.cloudfoundry.multiapps.controller.persistence.services.ProcessLogger########flowable-async-job-executor-thread-16519###
[PollStageAppStatusExecution] [btp-procurement-data-extractor-pgdb-deployer] 5b140137-b616-44a1-a3ce-5034f7e13011 [2023-10-04T12:23:08.939163] Uploading droplet... (STDOUT, STG)#

#2.0#2023 10 04 12:23:11.365#Z#DEBUG#com.sap.cloud.lm.sl.xs2.65195916-62b0-11ee-907f-eeee0a96bdee.btp-procurement-data-extractor-pgdb-deployer.stageAppTask#
######org.cloudfoundry.multiapps.controller.persistence.services.ProcessLogger########flowable-async-job-executor-thread-16519###
[PollStageAppStatusExecution] [btp-procurement-data-extractor-pgdb-deployer] 5b140137-b616-44a1-a3ce-5034f7e13011 [2023-10-04T12:23:08.939182] Uploading build artifacts cache... (STDOUT, STG)#

#2.0#2023 10 04 12:23:21.011#Z#DEBUG#com.sap.cloud.lm.sl.xs2.65195916-62b0-11ee-907f-eeee0a96bdee.btp-procurement-data-extractor-pgdb-deployer.stageAppTask#
######org.cloudfoundry.multiapps.controller.persistence.services.ProcessLogger########flowable-async-job-executor-thread-27435###
[PollStageAppStatusExecution] [btp-procurement-data-extractor-pgdb-deployer] 5b140137-b616-44a1-a3ce-5034f7e13011 [2023-10-04T12:23:11.016159] Creating droplet for app with guid 5b140137-b616-44a1-a3ce-5034f7e13011 (STDOUT, API)#

#2.0#2023 10 04 12:23:21.011#Z#DEBUG#com.sap.cloud.lm.sl.xs2.65195916-62b0-11ee-907f-eeee0a96bdee.btp-procurement-data-extractor-pgdb-deployer.stageAppTask#
######org.cloudfoundry.multiapps.controller.persistence.services.ProcessLogger########flowable-async-job-executor-thread-27435###
[PollStageAppStatusExecution] [btp-procurement-data-extractor-pgdb-deployer] 5b140137-b616-44a1-a3ce-5034f7e13011 [2023-10-04T12:23:13.895666] Uploaded build artifacts cache (562.1M) (STDOUT, STG)#

#2.0#2023 10 04 12:23:21.011#Z#DEBUG#com.sap.cloud.lm.sl.xs2.65195916-62b0-11ee-907f-eeee0a96bdee.btp-procurement-data-extractor-pgdb-deployer.stageAppTask#
######org.cloudfoundry.multiapps.controller.persistence.services.ProcessLogger########flowable-async-job-executor-thread-27435###
[PollStageAppStatusExecution] [btp-procurement-data-extractor-pgdb-deployer] 5b140137-b616-44a1-a3ce-5034f7e13011 [2023-10-04T12:23:17.709981] Uploaded droplet (270.8M) (STDOUT, STG)#

#2.0#2023 10 04 12:23:21.011#Z#DEBUG#com.sap.cloud.lm.sl.xs2.65195916-62b0-11ee-907f-eeee0a96bdee.btp-procurement-data-extractor-pgdb-deployer.stageAppTask#
######org.cloudfoundry.multiapps.controller.persistence.services.ProcessLogger########flowable-async-job-executor-thread-27435###
[PollStageAppStatusExecution] [btp-procurement-data-extractor-pgdb-deployer] 5b140137-b616-44a1-a3ce-5034f7e13011 [2023-10-04T12:23:17.738693] Uploading complete (STDOUT, STG)#

#2.0#2023 10 04 12:23:21.011#Z#DEBUG#com.sap.cloud.lm.sl.xs2.65195916-62b0-11ee-907f-eeee0a96bdee.btp-procurement-data-extractor-pgdb-deployer.stageAppTask#
######org.cloudfoundry.multiapps.controller.persistence.services.ProcessLogger########flowable-async-job-executor-thread-27435###
[PollStageAppStatusExecution] [btp-procurement-data-extractor-pgdb-deployer] 5b140137-b616-44a1-a3ce-5034f7e13011 [2023-10-04T12:23:17.907819] Cell df070236-5095-42e6-b6c5-76081a88488b stopping instance 595010c2-7f39-4d1b-9dde-d3fa3586d6d1 (STDOUT, STG)#

#2.0#2023 10 04 12:23:21.011#Z#DEBUG#com.sap.cloud.lm.sl.xs2.65195916-62b0-11ee-907f-eeee0a96bdee.btp-procurement-data-extractor-pgdb-deployer.stageAppTask#
######org.cloudfoundry.multiapps.controller.persistence.services.ProcessLogger########flowable-async-job-executor-thread-27435###
[PollStageAppStatusExecution] [btp-procurement-data-extractor-pgdb-deployer] 5b140137-b616-44a1-a3ce-5034f7e13011 [2023-10-04T12:23:17.907864] Cell df070236-5095-42e6-b6c5-76081a88488b destroying container for instance 595010c2-7f39-4d1b-9dde-d3fa3586d6d1 (STDOUT, STG)#

#2.0#2023 10 04 12:23:31.719#Z#DEBUG#com.sap.cloud.lm.sl.xs2.65195916-62b0-11ee-907f-eeee0a96bdee.btp-procurement-data-extractor-pgdb-deployer.executeTaskTask#
######org.cloudfoundry.multiapps.controller.persistence.services.ProcessLogger########flowable-async-job-executor-thread-34081###
[PollExecuteTaskStatusExecution] [btp-procurement-data-extractor-pgdb-deployer] 5b140137-b616-44a1-a3ce-5034f7e13011 [2023-10-04T12:23:21.086660] Updated app with guid 5b140137-b616-44a1-a3ce-5034f7e13011 ({:droplet_guid=>"ae424d60-7d7a-497f-84fe-1255ff52ad41"}) (STDOUT, API)#

#2.0#2023 10 04 12:23:31.719#Z#DEBUG#com.sap.cloud.lm.sl.xs2.65195916-62b0-11ee-907f-eeee0a96bdee.btp-procurement-data-extractor-pgdb-deployer.executeTaskTask#
######org.cloudfoundry.multiapps.controller.persistence.services.ProcessLogger########flowable-async-job-executor-thread-34081###
[PollExecuteTaskStatusExecution] [btp-procurement-data-extractor-pgdb-deployer] 5b140137-b616-44a1-a3ce-5034f7e13011 [2023-10-04T12:23:21.230114] Cell df070236-5095-42e6-b6c5-76081a88488b successfully destroyed container for instance 595010c2-7f39-4d1b-9dde-d3fa3586d6d1 (STDOUT, STG)#

#2.0#2023 10 04 12:23:31.719#Z#DEBUG#com.sap.cloud.lm.sl.xs2.65195916-62b0-11ee-907f-eeee0a96bdee.btp-procurement-data-extractor-pgdb-deployer.executeTaskTask#
######org.cloudfoundry.multiapps.controller.persistence.services.ProcessLogger########flowable-async-job-executor-thread-34081###
[PollExecuteTaskStatusExecution] [btp-procurement-data-extractor-pgdb-deployer] 5b140137-b616-44a1-a3ce-5034f7e13011 [2023-10-04T12:23:21.541286] Cell 0a4f6893-2724-4210-a6f8-5c9839796ef1 creating container for instance 66b67c3b-126a-4542-9f55-9be125675b62 (STDOUT, CELL)#

#2.0#2023 10 04 12:23:31.719#Z#DEBUG#com.sap.cloud.lm.sl.xs2.65195916-62b0-11ee-907f-eeee0a96bdee.btp-procurement-data-extractor-pgdb-deployer.executeTaskTask#
######org.cloudfoundry.multiapps.controller.persistence.services.ProcessLogger########flowable-async-job-executor-thread-34081###
[PollExecuteTaskStatusExecution] [btp-procurement-data-extractor-pgdb-deployer] 5b140137-b616-44a1-a3ce-5034f7e13011 [2023-10-04T12:23:21.876753] Security group rules were updated (STDOUT, CELL)#

#2.0#2023 10 04 12:23:31.719#Z#DEBUG#com.sap.cloud.lm.sl.xs2.65195916-62b0-11ee-907f-eeee0a96bdee.btp-procurement-data-extractor-pgdb-deployer.executeTaskTask#
######org.cloudfoundry.multiapps.controller.persistence.services.ProcessLogger########flowable-async-job-executor-thread-34081###
[PollExecuteTaskStatusExecution] [btp-procurement-data-extractor-pgdb-deployer] 5b140137-b616-44a1-a3ce-5034f7e13011 [2023-10-04T12:23:21.890158] Cell 0a4f6893-2724-4210-a6f8-5c9839796ef1 successfully created container for instance 66b67c3b-126a-4542-9f55-9be125675b62 (STDOUT, CELL)#

#2.0#2023 10 04 12:23:41.287#Z#DEBUG#com.sap.cloud.lm.sl.xs2.65195916-62b0-11ee-907f-eeee0a96bdee.btp-procurement-data-extractor-pgdb-deployer.executeTaskTask#
######org.cloudfoundry.multiapps.controller.persistence.services.ProcessLogger########flowable-async-job-executor-thread-34126###
[PollExecuteTaskStatusExecution] [btp-procurement-data-extractor-pgdb-deployer] 5b140137-b616-44a1-a3ce-5034f7e13011 [2023-10-04T12:23:32.544802] [cds-dbm] - starting delta database deployment of service db (STDOUT, APP/TASK/deploy_to_postgresql)#

#2.0#2023 10 04 12:27:23.155#Z#DEBUG#com.sap.cloud.lm.sl.xs2.65195916-62b0-11ee-907f-eeee0a96bdee.btp-procurement-data-extractor-pgdb-deployer.executeTaskTask#
######org.cloudfoundry.multiapps.controller.persistence.services.ProcessLogger########flowable-async-job-executor-thread-28147###
[PollExecuteTaskStatusExecution] [btp-procurement-data-extractor-pgdb-deployer] 5b140137-b616-44a1-a3ce-5034f7e13011 [2023-10-04T12:27:15.287838] [cds-dbm] - delta successfully deployed to the database (STDOUT, APP/TASK/deploy_to_postgresql)#

#2.0#2023 10 04 12:27:43.519#Z#DEBUG#com.sap.cloud.lm.sl.xs2.65195916-62b0-11ee-907f-eeee0a96bdee.btp-procurement-data-extractor-pgdb-deployer.executeTaskTask#
######org.cloudfoundry.multiapps.controller.persistence.services.ProcessLogger########flowable-async-job-executor-thread-35256###
[PollExecuteTaskStatusExecution] [btp-procurement-data-extractor-pgdb-deployer] 5b140137-b616-44a1-a3ce-5034f7e13011 [2023-10-04T12:27:34.173075] npm notice (STDERR, APP/TASK/deploy_to_postgresql)#

#2.0#2023 10 04 12:27:43.519#Z#DEBUG#com.sap.cloud.lm.sl.xs2.65195916-62b0-11ee-907f-eeee0a96bdee.btp-procurement-data-extractor-pgdb-deployer.executeTaskTask#
######org.cloudfoundry.multiapps.controller.persistence.services.ProcessLogger########flowable-async-job-executor-thread-35256###
[PollExecuteTaskStatusExecution] [btp-procurement-data-extractor-pgdb-deployer] 5b140137-b616-44a1-a3ce-5034f7e13011 [2023-10-04T12:27:34.173234] npm notice New major version of npm available! 9.8.0 -> 10.2.0 (STDERR, APP/TASK/deploy_to_postgresql)#

#2.0#2023 10 04 12:27:43.519#Z#DEBUG#com.sap.cloud.lm.sl.xs2.65195916-62b0-11ee-907f-eeee0a96bdee.btp-procurement-data-extractor-pgdb-deployer.executeTaskTask#
######org.cloudfoundry.multiapps.controller.persistence.services.ProcessLogger########flowable-async-job-executor-thread-35256###
[PollExecuteTaskStatusExecution] [btp-procurement-data-extractor-pgdb-deployer] 5b140137-b616-44a1-a3ce-5034f7e13011 [2023-10-04T12:27:34.173255] npm notice Changelog: <https://github.com/npm/cli/releases/tag/v10.2.0> (STDERR, APP/TASK/deploy_to_postgresql)#

#2.0#2023 10 04 12:27:43.519#Z#DEBUG#com.sap.cloud.lm.sl.xs2.65195916-62b0-11ee-907f-eeee0a96bdee.btp-procurement-data-extractor-pgdb-deployer.executeTaskTask#
######org.cloudfoundry.multiapps.controller.persistence.services.ProcessLogger########flowable-async-job-executor-thread-35256###
[PollExecuteTaskStatusExecution] [btp-procurement-data-extractor-pgdb-deployer] 5b140137-b616-44a1-a3ce-5034f7e13011 [2023-10-04T12:27:34.173291] npm notice Run `npm install -g npm@10.2.0` to update! (STDERR, APP/TASK/deploy_to_postgresql)#

#2.0#2023 10 04 12:27:43.519#Z#DEBUG#com.sap.cloud.lm.sl.xs2.65195916-62b0-11ee-907f-eeee0a96bdee.btp-procurement-data-extractor-pgdb-deployer.executeTaskTask#
######org.cloudfoundry.multiapps.controller.persistence.services.ProcessLogger########flowable-async-job-executor-thread-35256###
[PollExecuteTaskStatusExecution] [btp-procurement-data-extractor-pgdb-deployer] 5b140137-b616-44a1-a3ce-5034f7e13011 [2023-10-04T12:27:34.173389] npm notice (STDERR, APP/TASK/deploy_to_postgresql)#

#2.0#2023 10 04 12:27:43.519#Z#DEBUG#com.sap.cloud.lm.sl.xs2.65195916-62b0-11ee-907f-eeee0a96bdee.btp-procurement-data-extractor-pgdb-deployer.executeTaskTask#
######org.cloudfoundry.multiapps.controller.persistence.services.ProcessLogger########flowable-async-job-executor-thread-35256###
[PollExecuteTaskStatusExecution] [btp-procurement-data-extractor-pgdb-deployer] 5b140137-b616-44a1-a3ce-5034f7e13011 [2023-10-04T12:27:34.181684] Exit status 0 (STDOUT, APP/TASK/deploy_to_postgresql)#

#2.0#2023 10 04 12:27:43.519#Z#DEBUG#com.sap.cloud.lm.sl.xs2.65195916-62b0-11ee-907f-eeee0a96bdee.btp-procurement-data-extractor-pgdb-deployer.executeTaskTask#
######org.cloudfoundry.multiapps.controller.persistence.services.ProcessLogger########flowable-async-job-executor-thread-35256###
[PollExecuteTaskStatusExecution] [btp-procurement-data-extractor-pgdb-deployer] 5b140137-b616-44a1-a3ce-5034f7e13011 [2023-10-04T12:27:34.353559] Cell 0a4f6893-2724-4210-a6f8-5c9839796ef1 stopping instance 66b67c3b-126a-4542-9f55-9be125675b62 (STDOUT, CELL)#

#2.0#2023 10 04 12:27:43.519#Z#DEBUG#com.sap.cloud.lm.sl.xs2.65195916-62b0-11ee-907f-eeee0a96bdee.btp-procurement-data-extractor-pgdb-deployer.executeTaskTask#
######org.cloudfoundry.multiapps.controller.persistence.services.ProcessLogger########flowable-async-job-executor-thread-35256###
[PollExecuteTaskStatusExecution] [btp-procurement-data-extractor-pgdb-deployer] 5b140137-b616-44a1-a3ce-5034f7e13011 [2023-10-04T12:27:34.353587] Cell 0a4f6893-2724-4210-a6f8-5c9839796ef1 destroying container for instance 66b67c3b-126a-4542-9f55-9be125675b62 (STDOUT, CELL)#

#2.0#2023 10 04 12:27:43.519#Z#DEBUG#com.sap.cloud.lm.sl.xs2.65195916-62b0-11ee-907f-eeee0a96bdee.btp-procurement-data-extractor-pgdb-deployer.executeTaskTask#
######org.cloudfoundry.multiapps.controller.persistence.services.ProcessLogger########flowable-async-job-executor-thread-35256###
[PollExecuteTaskStatusExecution] [btp-procurement-data-extractor-pgdb-deployer] 5b140137-b616-44a1-a3ce-5034f7e13011 [2023-10-04T12:27:35.400031] Cell 0a4f6893-2724-4210-a6f8-5c9839796ef1 successfully destroyed container for instance 66b67c3b-126a-4542-9f55-9be125675b62 (STDOUT, CELL)#

